\BOOKMARK [0][]{chapter*.2}{Mathematische Notation}{}% 1
\BOOKMARK [0][]{chapter.1}{Einleitung}{}% 2
\BOOKMARK [1][-]{section.1.1}{Motivation und Hintergrund}{chapter.1}% 3
\BOOKMARK [1][-]{section.1.2}{Zielsetzung}{chapter.1}% 4
\BOOKMARK [1][-]{section.1.3}{Aufbau der Arbeit}{chapter.1}% 5
\BOOKMARK [0][]{chapter.2}{Problemstellung}{}% 6
\BOOKMARK [0][]{chapter.3}{Methoden und L\366sungswege}{}% 7
\BOOKMARK [1][-]{section.3.1}{Rendering und Physik}{chapter.3}% 8
\BOOKMARK [2][-]{subsection.3.1.1}{Objekte}{section.3.1}% 9
\BOOKMARK [2][-]{subsection.3.1.2}{Texturierung}{section.3.1}% 10
\BOOKMARK [2][-]{subsection.3.1.3}{Kollisionsberechnung}{section.3.1}% 11
\BOOKMARK [1][-]{section.3.2}{Kamerakalibrierung}{chapter.3}% 12
\BOOKMARK [2][-]{subsection.3.2.1}{Entzerrung des Kamerabildes}{section.3.2}% 13
\BOOKMARK [2][-]{subsection.3.2.2}{Erkennung des Spielfeldes}{section.3.2}% 14
\BOOKMARK [1][-]{section.3.3}{K\366-Detektion}{chapter.3}% 15
\BOOKMARK [2][-]{subsection.3.3.1}{Segmentierung}{section.3.3}% 16
\BOOKMARK [2][-]{subsection.3.3.2}{Erkennung des Kollisionspunktes}{section.3.3}% 17
\BOOKMARK [1][-]{section.3.4}{Benutzerinteraktion}{chapter.3}% 18
\BOOKMARK [2][-]{subsection.3.4.1}{Spielregeln}{section.3.4}% 19
\BOOKMARK [2][-]{subsection.3.4.2}{Benutzerinteraktion}{section.3.4}% 20
\BOOKMARK [0][]{chapter.4}{Ergebnisse}{}% 21
\BOOKMARK [0][]{chapter.5}{Diskussion}{}% 22
\BOOKMARK [0][]{appendix.A}{Weitere Informationen}{}% 23
\BOOKMARK [0][]{chapter*.3}{Abbildungsverzeichnis}{}% 24
\BOOKMARK [0][]{chapter*.4}{Algorithmenverzeichnis}{}% 25
\BOOKMARK [0][]{chapter*.5}{Quellcodeverzeichnis}{}% 26
\BOOKMARK [0][]{chapter*.5}{Literaturverzeichnis}{}% 27
